\BOOKMARK [-1][-]{part.1}{\376\377\000I\000p\000o\000t\000e\000s\000i\000\040\000n\000e\000c\000e\000s\000s\000a\000r\000i\000e}{}% 1
\BOOKMARK [0][-]{chapter.1}{\376\377\000I\000n\000t\000r\000o\000d\000u\000z\000i\000o\000n\000e}{part.1}% 2
\BOOKMARK [0][-]{chapter.2}{\376\377\000Q\000u\000a\000l\000c\000h\000e\000\040\000r\000e\000g\000o\000l\000a}{part.1}% 3
\BOOKMARK [1][-]{section*.4}{\376\377\000C\000o\000n\000d\000o\000t\000t\000a\000\040\000g\000e\000n\000e\000r\000a\000l\000e}{chapter.2}% 4
\BOOKMARK [1][-]{section*.10}{\376\377\000I\000\040\000p\000e\000r\000s\000o\000n\000a\000g\000g\000i\000\040\000e\000\040\000i\000l\000\040\000p\000a\000r\000t\000y}{chapter.2}% 5
\BOOKMARK [1][-]{section*.30}{\376\377\000R\000e\000g\000o\000l\000e\000\040\000o\000p\000z\000i\000o\000n\000a\000l\000i}{chapter.2}% 6
\BOOKMARK [-1][-]{part.2}{\376\377\000O\000p\000z\000i\000o\000n\000i\000\040\000p\000e\000r\000\040\000i\000\040\000p\000e\000r\000s\000o\000n\000a\000g\000g\000i}{}% 7
\BOOKMARK [0][-]{chapter.3}{\376\377\000R\000a\000z\000z\000e}{part.2}% 8
\BOOKMARK [1][-]{section*.32}{\376\377\000D\000i\000v\000o\000r\000a\000t\000i}{chapter.3}% 9
\BOOKMARK [0][-]{chapter.4}{\376\377\000A\000r\000t\000e\000f\000i\000c\000e}{part.2}% 10
\BOOKMARK [1][-]{section*.58}{\376\377\000P\000r\000i\000v\000i\000l\000e\000g\000i\000\040\000d\000i\000\040\000C\000l\000a\000s\000s\000e\000\040\000O\000p\000z\000i\000o\000n\000a\000l\000i}{chapter.4}% 11
\BOOKMARK [0][-]{chapter.5}{\376\377\000B\000a\000r\000b\000a\000r\000o}{part.2}% 12
\BOOKMARK [1][-]{section*.59}{\376\377\000P\000r\000i\000v\000i\000l\000e\000g\000i\000\040\000d\000i\000\040\000C\000l\000a\000s\000s\000e\000\040\000O\000p\000z\000i\000o\000n\000a\000l\000i}{chapter.5}% 13
\BOOKMARK [0][-]{chapter.6}{\376\377\000B\000a\000r\000d\000o}{part.2}% 14
\BOOKMARK [1][-]{section*.60}{\376\377\000P\000r\000i\000v\000i\000l\000e\000g\000i\000\040\000d\000i\000\040\000C\000l\000a\000s\000s\000e\000\040\000O\000p\000z\000i\000o\000n\000a\000l\000i}{chapter.6}% 15
\BOOKMARK [1][-]{section*.61}{\376\377\000I\000l\000\040\000G\000i\000o\000c\000a\000t\000o\000r\000e\000\040\000d\000'\000A\000z\000z\000a\000r\000d\000o}{chapter.6}% 16
\BOOKMARK [0][-]{chapter.7}{\376\377\000C\000h\000i\000e\000r\000i\000c\000o}{part.2}% 17
\BOOKMARK [1][-]{section*.63}{\376\377\000P\000r\000i\000v\000i\000l\000e\000g\000i\000\040\000d\000i\000\040\000C\000l\000a\000s\000s\000e\000\040\000O\000p\000z\000i\000o\000n\000a\000l\000i}{chapter.7}% 18
\BOOKMARK [1][-]{section*.64}{\376\377\000D\000o\000m\000i\000n\000i\000o\000\040\000d\000i\000\040\000I\000n\000t\000e\000g\000r\000i\000t\000\340}{chapter.7}% 19
\BOOKMARK [0][-]{chapter.8}{\376\377\000D\000r\000u\000i\000d\000o}{part.2}% 20
\BOOKMARK [1][-]{section*.72}{\376\377\000P\000r\000i\000v\000i\000l\000e\000g\000i\000\040\000d\000i\000\040\000C\000l\000a\000s\000s\000e\000\040\000O\000p\000z\000i\000o\000n\000a\000l\000i}{chapter.8}% 21
\BOOKMARK [1][-]{section*.73}{\376\377\000C\000i\000r\000c\000o\000l\000o\000\040\000S\000p\000e\000r\000i\000m\000e\000n\000t\000a\000l\000e}{chapter.8}% 22
\BOOKMARK [0][-]{chapter.9}{\376\377\000G\000u\000e\000r\000r\000i\000e\000r\000o}{part.2}% 23
\BOOKMARK [1][-]{section*.74}{\376\377\000P\000r\000i\000v\000i\000l\000e\000g\000i\000\040\000d\000i\000\040\000C\000l\000a\000s\000s\000e\000\040\000O\000p\000z\000i\000o\000n\000a\000l\000i}{chapter.9}% 24
\BOOKMARK [0][-]{chapter.10}{\376\377\000L\000a\000d\000r\000o}{part.2}% 25
\BOOKMARK [1][-]{section*.75}{\376\377\000P\000r\000i\000v\000i\000l\000e\000g\000i\000\040\000d\000i\000\040\000C\000l\000a\000s\000s\000e\000\040\000O\000p\000z\000i\000o\000n\000a\000l\000i}{chapter.10}% 26
\BOOKMARK [0][-]{chapter.11}{\376\377\000M\000a\000g\000o}{part.2}% 27
\BOOKMARK [1][-]{section*.76}{\376\377\000P\000r\000i\000v\000i\000l\000e\000g\000i\000\040\000d\000i\000\040\000C\000l\000a\000s\000s\000e\000\040\000O\000p\000z\000i\000o\000n\000a\000l\000i}{chapter.11}% 28
\BOOKMARK [0][-]{chapter.12}{\376\377\000M\000o\000n\000a\000c\000o}{part.2}% 29
\BOOKMARK [1][-]{section*.77}{\376\377\000P\000r\000i\000v\000i\000l\000e\000g\000i\000\040\000d\000i\000\040\000C\000l\000a\000s\000s\000e\000\040\000O\000p\000z\000i\000o\000n\000a\000l\000i}{chapter.12}% 30
\BOOKMARK [1][-]{section*.80}{\376\377\000V\000i\000a\000\040\000d\000e\000l\000l\000'\000O\000m\000b\000r\000a\000\040\000R\000e\000d\000e\000n\000t\000a}{chapter.12}% 31
\BOOKMARK [0][-]{chapter.13}{\376\377\000P\000a\000l\000a\000d\000i\000n\000o}{part.2}% 32
\BOOKMARK [1][-]{section*.94}{\376\377\000P\000r\000i\000v\000i\000l\000e\000g\000i\000\040\000d\000i\000\040\000C\000l\000a\000s\000s\000e\000\040\000O\000p\000z\000i\000o\000n\000a\000l\000i}{chapter.13}% 33
\BOOKMARK [1][-]{section*.95}{\376\377\000G\000i\000u\000r\000a\000m\000e\000n\000t\000o\000\040\000d\000i\000\040\000V\000e\000r\000i\000t\000\340}{chapter.13}% 34
\BOOKMARK [0][-]{chapter.14}{\376\377\000R\000a\000n\000g\000e\000r}{part.2}% 35
\BOOKMARK [1][-]{section*.96}{\376\377\000P\000r\000i\000v\000i\000l\000e\000g\000i\000\040\000d\000i\000\040\000C\000l\000a\000s\000s\000e\000\040\000O\000p\000z\000i\000o\000n\000a\000l\000i}{chapter.14}% 36
\BOOKMARK [0][-]{chapter.15}{\376\377\000S\000t\000r\000e\000g\000o\000n\000e}{part.2}% 37
\BOOKMARK [1][-]{section*.97}{\376\377\000P\000r\000i\000v\000i\000l\000e\000g\000i\000\040\000d\000i\000\040\000C\000l\000a\000s\000s\000e\000\040\000O\000p\000z\000i\000o\000n\000a\000l\000i}{chapter.15}% 38
\BOOKMARK [1][-]{section*.98}{\376\377\000D\000i\000n\000a\000s\000t\000i\000a\000\040\000d\000i\000\040\000A\000n\000a\000l\000i\000s\000t\000i}{chapter.15}% 39
\BOOKMARK [0][-]{chapter.16}{\376\377\000W\000a\000r\000l\000o\000c\000k}{part.2}% 40
\BOOKMARK [1][-]{section*.99}{\376\377\000P\000r\000i\000v\000i\000l\000e\000g\000i\000\040\000d\000i\000\040\000C\000l\000a\000s\000s\000e\000\040\000O\000p\000z\000i\000o\000n\000a\000l\000i}{chapter.16}% 41
\BOOKMARK [1][-]{section*.101}{\376\377\000L\000o\000\040\000S\000p\000a\000z\000i\000o\000\040\000P\000r\000o\000i\000e\000t\000t\000i\000v\000o}{chapter.16}% 42
\BOOKMARK [1][-]{section*.107}{\376\377\000I\000l\000\040\000S\000i\000g\000n\000o\000r\000e\000\040\000d\000e\000l\000l\000'\000A\000s\000s\000u\000r\000d\000o}{chapter.16}% 43
\BOOKMARK [0][-]{chapter.17}{\376\377\000T\000a\000l\000e\000n\000t\000i}{part.2}% 44
\BOOKMARK [0][-]{chapter.18}{\376\377\000I\000n\000c\000a\000n\000t\000e\000s\000i\000m\000i}{part.2}% 45
\BOOKMARK [1][-]{section*.119}{\376\377\000L\000i\000s\000t\000a\000\040\000d\000e\000g\000l\000i\000\040\000i\000n\000c\000a\000n\000t\000e\000s\000i\000m\000i\000\040\000e\000s\000p\000a\000n\000s\000a}{chapter.18}% 46
\BOOKMARK [1][-]{section*.120}{\376\377\000D\000e\000s\000c\000r\000i\000z\000i\000o\000n\000e\000\040\000d\000e\000g\000l\000i\000\040\000i\000n\000c\000a\000n\000t\000e\000s\000i\000m\000i}{chapter.18}% 47
\BOOKMARK [0][-]{chapter.19}{\376\377\000O\000g\000g\000e\000t\000t\000i\000\040\000m\000a\000g\000i\000c\000i}{part.2}% 48
\BOOKMARK [1][-]{section*.126}{\376\377\000A\000n\000e\000l\000l\000o\000\040\000p\000r\000o\000t\000e\000t\000t\000o\000r\000e\000\040\000d\000i\000\040\000S\000o\000p\000h\000o\000s\000\040\000i\000l\000\040\000S\000a\000v\000i\000o}{chapter.19}% 49
\BOOKMARK [1][-]{section*.131}{\376\377\000S\000T\000O\000C\000C\000O\000\040\000D\000I\000\040\000S\000A\000R\000Z\000E\000E}{chapter.19}% 50
\BOOKMARK [1][-]{section*.132}{\376\377\000P\000r\000i\000g\000i\000o\000n\000e\000\040\000F\000l\000u\000i\000d\000a\000\040\000d\000i\000\040\000P\000A\000T\000R\000O\000N\000O\000\040\000D\000I\000\040\000S\000I\000M\000O\000N\000E}{chapter.19}% 51
\BOOKMARK [-1][-]{part.3}{\376\377\000I\000l\000\040\000M\000o\000n\000d\000o\000\040\000d\000i\000\040\000E\000o\000v\000r\000a\000s}{}% 52
\BOOKMARK [0][-]{chapter.20}{\376\377\000F\000o\000r\000e\000s\000t\000a\000\040\000d\000i\000\040\000M\000y\000t\000h\000r\000e\000n\000w\000a\000l\000d}{part.3}% 53
\BOOKMARK [1][-]{section*.133}{\376\377\000L\000u\000o\000g\000h\000i}{chapter.20}% 54
\BOOKMARK [1][-]{section*.142}{\376\377\000A\000b\000i\000t\000a\000n\000t\000i}{chapter.20}% 55
\BOOKMARK [-1][-]{part.4}{\376\377\000N\000e\000m\000i\000c\000i\000\040\000e\000\040\000P\000e\000r\000i\000c\000o\000l\000i}{}% 56
